
==============================================

!Thu Mar 10 09:19:18 EAT 2022

Processing file DashenBank_AuditDBLogging_App\com\dashenbank\payloadlogging\AuditDBLogging_Flow.msgflow.
Successfully added file DashenBank_AuditDBLogging_App\com\dashenbank\payloadlogging\AuditDBLogging_Flow.msgflow to BAR file.

==============================================

!Thu Mar 10 09:19:18 EAT 2022

Processing file DashenBank_AuditDBLogging_App\application.descriptor.
Successfully added file DashenBank_AuditDBLogging_App\application.descriptor to BAR file.
Elapsed time: 0.005 second(s).

Successfully added file DashenBank_AuditDBLogging_App\application.descriptor to BAR file.

==============================================

!Thu Mar 10 09:19:18 EAT 2022

Processing file DashenBank_AuditDBLogging_App\application.descriptor.
Successfully added file DashenBank_AuditDBLogging_App\application.descriptor to BAR file.
Elapsed time: 0.001 second(s).

Successfully added file DashenBank_AuditDBLogging_App\application.descriptor to BAR file.

==============================================

!Thu Mar 10 09:19:18 EAT 2022

Processing file DashenBank_AuditDBLogging_App\com\dashenbank\payloadlogging\PayloadLogging_Esql.esql.
Successfully added file DashenBank_AuditDBLogging_App\com\dashenbank\payloadlogging\PayloadLogging_Esql.esql to BAR file.
